<?xml version="1.0" encoding="UTF-8"?>
<!-- Generated by org.testng.reporters.JUnitXMLReporter -->
<testsuite ignored="3" hostname="DESKTOP-26GHAL4" failures="0" tests="3" name="Test" time="0.199" errors="0" timestamp="2024-09-01T00:58:35 PDT">
  <testcase classname="p3.f" name="a" time="0.026"/>
  <testcase classname="p3.f" name="b" time="0.008"/>
  <testcase classname="p3.f" name="c" time="0.005"/>
  <testcase classname="p3.g" name="c" time="0.0">
    <ignored/>
  </testcase> <!-- c -->
  <testcase classname="p3.g" name="a" time="0.0">
    <ignored/>
  </testcase> <!-- a -->
  <testcase classname="p3.g" name="b" time="0.0">
    <ignored/>
  </testcase> <!-- b -->
</testsuite> <!-- Test -->
