<?xml version="1.0" encoding="UTF-8"?>
<!-- Generated by org.testng.reporters.JUnitXMLReporter -->
<testsuite ignored="0" hostname="DESKTOP-26GHAL4" failures="0" tests="6" name="Test3" time="33.367" errors="0" timestamp="2024-09-01T00:11:38 PDT">
  <testcase classname="p3.NgTest" name="Login" time="0.923"/>
  <testcase classname="p3.NgTest" name="search" time="5.028"/>
  <testcase classname="p3.c" name="Login" time="0.973"/>
  <testcase classname="p3.B" name="Open" time="6.474"/>
  <testcase classname="p3.B" name="Login" time="1.38"/>
  <testcase classname="p3.B" name="Quit" time="0.195"/>
</testsuite> <!-- Test3 -->
