<?xml version="1.0" encoding="UTF-8"?>
<testng-results ignored="0" total="2" passed="2" failed="0" skipped="0">
  <reporter-output>
  </reporter-output>
  <suite started-at="2024-09-01T01:27:38 PDT" name="Suite" finished-at="2024-09-01T01:27:49 PDT" duration-ms="10790">
    <groups>
    </groups>
    <test started-at="2024-09-01T01:27:38 PDT" name="Test1" finished-at="2024-09-01T01:27:47 PDT" duration-ms="8884">
      <class name="p3.z">
        <test-method signature="open(java.lang.String)[pri:0, instance:p3.z@76a4ebf2]" started-at="2024-09-01T01:27:38 PDT" name="open" finished-at="2024-09-01T01:27:47 PDT" duration-ms="8766" status="PASS">
          <params>
            <param index="0">
              <value>
                <![CDATA[chrome]]>
              </value>
            </param>
          </params>
          <reporter-output>
          </reporter-output>
        </test-method> <!-- open -->
      </class> <!-- p3.z -->
    </test> <!-- Test1 -->
    <test started-at="2024-09-01T01:27:38 PDT" name="Test2" finished-at="2024-09-01T01:27:49 PDT" duration-ms="10790">
      <class name="p3.z">
        <test-method signature="open(java.lang.String)[pri:0, instance:p3.z@6440112d]" started-at="2024-09-01T01:27:38 PDT" name="open" finished-at="2024-09-01T01:27:49 PDT" duration-ms="10698" status="PASS">
          <params>
            <param index="0">
              <value>
                <![CDATA[edge]]>
              </value>
            </param>
          </params>
          <reporter-output>
          </reporter-output>
        </test-method> <!-- open -->
      </class> <!-- p3.z -->
    </test> <!-- Test2 -->
  </suite> <!-- Suite -->
</testng-results>
